<?xml version="1.0" encoding="UTF-8"?>
<!-- Generated by org.testng.reporters.JUnitReportReporter -->
<testsuite hostname="Mandiras-MacBook-Air.local" failures="0" tests="3" name="com.rahulShettyAcademy.SubmitOrderTest" time="91.731" errors="0" timestamp="2024-03-01T11:32:36 IST" skipped="0">
  <testcase classname="com.rahulShettyAcademy.SubmitOrderTest" name="submitOrder" time="38.189"/>
  <system-out/>
  <testcase classname="com.rahulShettyAcademy.SubmitOrderTest" name="submitOrder" time="37.876"/>
  <system-out/>
  <testcase classname="com.rahulShettyAcademy.SubmitOrderTest" name="orderHistoryTest" time="15.666"/>
  <system-out/>
</testsuite> <!-- com.rahulShettyAcademy.SubmitOrderTest -->
