<?xml version="1.0" encoding="UTF-8"?>
<!-- Generated by org.testng.reporters.JUnitReportReporter -->
<testsuite hostname="Mandiras-MacBook-Air.local" failures="0" tests="1" name="SeleniumFrameworkDemo.AppTest" time="0.002" errors="0" timestamp="2024-03-01T10:00:03 IST" skipped="0">
  <testcase classname="SeleniumFrameworkDemo.AppTest" name="testApp" time="0.002"/>
  <system-out/>
</testsuite> <!-- SeleniumFrameworkDemo.AppTest -->
