<?xml version="1.0" encoding="UTF-8"?>
<!-- Generated by org.testng.reporters.JUnitReportReporter -->
<testsuite hostname="Mandiras-MacBook-Air.local" failures="0" tests="3" name="com.rahulShettyAcademy.SubmitOrderTest" time="35.468" errors="0" timestamp="2024-03-05T17:05:15 IST" skipped="0">
  <testcase classname="com.rahulShettyAcademy.SubmitOrderTest" name="submitOrder" time="5.089"/>
  <testcase classname="com.rahulShettyAcademy.SubmitOrderTest" name="submitOrder" time="28.013"/>
  <testcase classname="com.rahulShettyAcademy.SubmitOrderTest" name="orderHistoryTest" time="2.366"/>
</testsuite> <!-- com.rahulShettyAcademy.SubmitOrderTest -->
